2024-03-29 01:25:36.904 [background-preinit] INFO  o.h.validator.internal.util.Version - HV000001: Hibernate Validator 8.0.1.Final
2024-03-29 01:25:36.947 [main] INFO  a.tickets.AirlineTicketsApplication - Starting AirlineTicketsApplication using Java 17.0.10 with PID 8736 (D:\Учеба\4_sem\Java\AirlineTickets\target\classes started by Anton in D:\Учеба\4_sem\Java\AirlineTickets)
2024-03-29 01:25:36.948 [main] INFO  a.tickets.AirlineTicketsApplication - No active profile set, falling back to 1 default profile: "default"
2024-03-29 01:25:37.880 [main] INFO  o.s.d.r.c.RepositoryConfigurationDelegate - Bootstrapping Spring Data JPA repositories in DEFAULT mode.
2024-03-29 01:25:37.942 [main] INFO  o.s.d.r.c.RepositoryConfigurationDelegate - Finished Spring Data repository scanning in 57 ms. Found 5 JPA repository interfaces.
2024-03-29 01:25:38.522 [main] INFO  o.s.b.w.e.tomcat.TomcatWebServer - Tomcat initialized with port 8080 (http)
2024-03-29 01:25:38.529 [main] INFO  o.a.coyote.http11.Http11NioProtocol - Initializing ProtocolHandler ["http-nio-8080"]
2024-03-29 01:25:38.530 [main] INFO  o.a.catalina.core.StandardService - Starting service [Tomcat]
2024-03-29 01:25:38.530 [main] INFO  o.a.catalina.core.StandardEngine - Starting Servlet engine: [Apache Tomcat/10.1.19]
2024-03-29 01:25:38.573 [main] INFO  o.a.c.c.C.[Tomcat].[localhost].[/] - Initializing Spring embedded WebApplicationContext
2024-03-29 01:25:38.573 [main] INFO  o.s.b.w.s.c.ServletWebServerApplicationContext - Root WebApplicationContext: initialization completed in 1580 ms
2024-03-29 01:25:38.709 [main] INFO  o.h.jpa.internal.util.LogHelper - HHH000204: Processing PersistenceUnitInfo [name: default]
2024-03-29 01:25:38.746 [main] INFO  org.hibernate.Version - HHH000412: Hibernate ORM core version 6.4.4.Final
2024-03-29 01:25:38.777 [main] INFO  o.h.c.i.RegionFactoryInitiator - HHH000026: Second-level cache disabled
2024-03-29 01:25:38.926 [main] INFO  o.s.o.j.p.SpringPersistenceUnitInfo - No LoadTimeWeaver setup: ignoring JPA class transformer
2024-03-29 01:25:38.943 [main] INFO  com.zaxxer.hikari.HikariDataSource - HikariPool-1 - Starting...
2024-03-29 01:25:39.078 [main] INFO  com.zaxxer.hikari.pool.HikariPool - HikariPool-1 - Added connection org.postgresql.jdbc.PgConnection@7b79ff1c
2024-03-29 01:25:39.079 [main] INFO  com.zaxxer.hikari.HikariDataSource - HikariPool-1 - Start completed.
2024-03-29 01:25:39.850 [main] INFO  o.h.e.t.j.p.i.JtaPlatformInitiator - HHH000489: No JTA platform available (set 'hibernate.transaction.jta.platform' to enable JTA platform integration)
2024-03-29 01:25:39.953 [main] INFO  o.s.o.j.LocalContainerEntityManagerFactoryBean - Initialized JPA EntityManagerFactory for persistence unit 'default'
2024-03-29 01:25:40.220 [main] INFO  o.s.d.j.r.query.QueryEnhancerFactory - Hibernate is in classpath; If applicable, HQL parser will be used.
2024-03-29 01:25:40.773 [main] WARN  o.s.b.a.o.j.JpaBaseConfiguration$JpaWebConfiguration - spring.jpa.open-in-view is enabled by default. Therefore, database queries may be performed during view rendering. Explicitly configure spring.jpa.open-in-view to disable this warning
2024-03-29 01:25:41.755 [main] INFO  o.a.coyote.http11.Http11NioProtocol - Starting ProtocolHandler ["http-nio-8080"]
2024-03-29 01:25:41.771 [main] INFO  o.s.b.w.e.tomcat.TomcatWebServer - Tomcat started on port 8080 (http) with context path ''
2024-03-29 01:25:41.779 [main] INFO  a.tickets.AirlineTicketsApplication - Started AirlineTicketsApplication in 5.154 seconds (process running for 5.811)
2024-03-29 01:26:03.519 [SpringApplicationShutdownHook] INFO  o.s.o.j.LocalContainerEntityManagerFactoryBean - Closing JPA EntityManagerFactory for persistence unit 'default'
2024-03-29 01:26:03.521 [SpringApplicationShutdownHook] INFO  com.zaxxer.hikari.HikariDataSource - HikariPool-1 - Shutdown initiated...
2024-03-29 01:26:03.523 [SpringApplicationShutdownHook] INFO  com.zaxxer.hikari.HikariDataSource - HikariPool-1 - Shutdown completed.
2024-03-29 01:27:06.173 [background-preinit] INFO  o.h.validator.internal.util.Version - HV000001: Hibernate Validator 8.0.1.Final
2024-03-29 01:27:06.225 [main] INFO  a.tickets.AirlineTicketsApplication - Starting AirlineTicketsApplication using Java 17.0.10 with PID 18872 (D:\Учеба\4_sem\Java\AirlineTickets\target\classes started by Anton in D:\Учеба\4_sem\Java\AirlineTickets)
2024-03-29 01:27:06.226 [main] INFO  a.tickets.AirlineTicketsApplication - No active profile set, falling back to 1 default profile: "default"
2024-03-29 01:27:06.880 [main] INFO  o.s.d.r.c.RepositoryConfigurationDelegate - Bootstrapping Spring Data JPA repositories in DEFAULT mode.
2024-03-29 01:27:06.952 [main] INFO  o.s.d.r.c.RepositoryConfigurationDelegate - Finished Spring Data repository scanning in 65 ms. Found 5 JPA repository interfaces.
2024-03-29 01:27:07.459 [main] INFO  o.s.b.w.e.tomcat.TomcatWebServer - Tomcat initialized with port 8080 (http)
2024-03-29 01:27:07.465 [main] INFO  o.a.coyote.http11.Http11NioProtocol - Initializing ProtocolHandler ["http-nio-8080"]
2024-03-29 01:27:07.466 [main] INFO  o.a.catalina.core.StandardService - Starting service [Tomcat]
2024-03-29 01:27:07.467 [main] INFO  o.a.catalina.core.StandardEngine - Starting Servlet engine: [Apache Tomcat/10.1.19]
2024-03-29 01:27:07.509 [main] INFO  o.a.c.c.C.[Tomcat].[localhost].[/] - Initializing Spring embedded WebApplicationContext
2024-03-29 01:27:07.509 [main] INFO  o.s.b.w.s.c.ServletWebServerApplicationContext - Root WebApplicationContext: initialization completed in 1230 ms
2024-03-29 01:27:07.655 [main] INFO  o.h.jpa.internal.util.LogHelper - HHH000204: Processing PersistenceUnitInfo [name: default]
2024-03-29 01:27:07.751 [main] INFO  org.hibernate.Version - HHH000412: Hibernate ORM core version 6.4.4.Final
2024-03-29 01:27:07.778 [main] INFO  o.h.c.i.RegionFactoryInitiator - HHH000026: Second-level cache disabled
2024-03-29 01:27:07.921 [main] INFO  o.s.o.j.p.SpringPersistenceUnitInfo - No LoadTimeWeaver setup: ignoring JPA class transformer
2024-03-29 01:27:07.937 [main] INFO  com.zaxxer.hikari.HikariDataSource - HikariPool-1 - Starting...
2024-03-29 01:27:08.066 [main] INFO  com.zaxxer.hikari.pool.HikariPool - HikariPool-1 - Added connection org.postgresql.jdbc.PgConnection@2dbf2da
2024-03-29 01:27:08.067 [main] INFO  com.zaxxer.hikari.HikariDataSource - HikariPool-1 - Start completed.
2024-03-29 01:27:08.867 [main] INFO  o.h.e.t.j.p.i.JtaPlatformInitiator - HHH000489: No JTA platform available (set 'hibernate.transaction.jta.platform' to enable JTA platform integration)
2024-03-29 01:27:08.960 [main] INFO  o.s.o.j.LocalContainerEntityManagerFactoryBean - Initialized JPA EntityManagerFactory for persistence unit 'default'
2024-03-29 01:27:09.216 [main] INFO  o.s.d.j.r.query.QueryEnhancerFactory - Hibernate is in classpath; If applicable, HQL parser will be used.
2024-03-29 01:27:10.595 [main] INFO  o.a.coyote.http11.Http11NioProtocol - Starting ProtocolHandler ["http-nio-8080"]
2024-03-29 01:27:10.609 [main] INFO  o.s.b.w.e.tomcat.TomcatWebServer - Tomcat started on port 8080 (http) with context path ''
2024-03-29 01:27:10.618 [main] INFO  a.tickets.AirlineTicketsApplication - Started AirlineTicketsApplication in 4.714 seconds (process running for 5.456)
2024-03-29 01:27:30.756 [http-nio-8080-exec-2] INFO  o.a.c.c.C.[Tomcat].[localhost].[/] - Initializing Spring DispatcherServlet 'dispatcherServlet'
2024-03-29 01:27:30.757 [http-nio-8080-exec-2] INFO  o.s.web.servlet.DispatcherServlet - Initializing Servlet 'dispatcherServlet'
2024-03-29 01:27:30.758 [http-nio-8080-exec-2] INFO  o.s.web.servlet.DispatcherServlet - Completed initialization in 1 ms
2024-03-29 01:27:47.988 [http-nio-8080-exec-3] INFO  a.tickets.aspect.LoggingAspect - Method called: airline.tickets.controller.AirlineController.findByName with args: [Belavia] 
2024-03-29 01:27:47.989 [http-nio-8080-exec-3] INFO  a.tickets.aspect.LoggingAspect - Method called: airline.tickets.service.impl.AirlineServiceImpl.findByName with args: [Belavia] 
2024-03-29 01:27:48.101 [http-nio-8080-exec-3] INFO  a.tickets.aspect.LoggingAspect - Method return: airline.tickets.service.impl.AirlineServiceImpl.findByName with args: [Belavia] returned: Optional[AirlineDTO(id=1, name=Belavia)]
2024-03-29 01:27:48.101 [http-nio-8080-exec-3] INFO  a.tickets.aspect.LoggingAspect - Method executed: airline.tickets.service.impl.AirlineServiceImpl.findByName with args: [Belavia] in 112ms
2024-03-29 01:27:48.101 [http-nio-8080-exec-3] INFO  a.tickets.aspect.LoggingAspect - Method return: airline.tickets.controller.AirlineController.findByName with args: [Belavia] returned: Optional[AirlineDTO(id=1, name=Belavia)]
2024-03-29 01:27:48.101 [http-nio-8080-exec-3] INFO  a.tickets.aspect.LoggingAspect - Method executed: airline.tickets.controller.AirlineController.findByName with args: [Belavia] in 115ms
2024-03-29 01:27:54.927 [http-nio-8080-exec-9] INFO  a.tickets.aspect.LoggingAspect - Method called: airline.tickets.controller.AirlineController.findByName with args: [Belavia111] 
2024-03-29 01:27:54.928 [http-nio-8080-exec-9] INFO  a.tickets.aspect.LoggingAspect - Method called: airline.tickets.service.impl.AirlineServiceImpl.findByName with args: [Belavia111] 
2024-03-29 01:27:54.928 [http-nio-8080-exec-9] INFO  a.tickets.aspect.LoggingAspect - Exception in: airline.tickets.service.impl.AirlineServiceImpl.findByName with args: [Belavia111] cause: No Airline found with name: Belavia111
2024-03-29 01:27:54.932 [http-nio-8080-exec-9] INFO  a.tickets.aspect.LoggingAspect - Exception in: airline.tickets.controller.AirlineController.findByName with args: [Belavia111] cause: No Airline found with name: Belavia111
2024-03-29 01:28:13.988 [SpringApplicationShutdownHook] INFO  o.s.o.j.LocalContainerEntityManagerFactoryBean - Closing JPA EntityManagerFactory for persistence unit 'default'
2024-03-29 01:28:13.989 [SpringApplicationShutdownHook] INFO  com.zaxxer.hikari.HikariDataSource - HikariPool-1 - Shutdown initiated...
2024-03-29 01:28:13.991 [SpringApplicationShutdownHook] INFO  com.zaxxer.hikari.HikariDataSource - HikariPool-1 - Shutdown completed.
2024-03-29 01:33:52.767 [background-preinit] INFO  o.h.validator.internal.util.Version - HV000001: Hibernate Validator 8.0.1.Final
2024-03-29 01:33:52.812 [main] INFO  a.tickets.AirlineTicketsApplication - Starting AirlineTicketsApplication using Java 17.0.10 with PID 6304 (D:\Учеба\4_sem\Java\AirlineTickets\target\classes started by Anton in D:\Учеба\4_sem\Java\AirlineTickets)
2024-03-29 01:33:52.813 [main] INFO  a.tickets.AirlineTicketsApplication - No active profile set, falling back to 1 default profile: "default"
2024-03-29 01:33:53.457 [main] INFO  o.s.d.r.c.RepositoryConfigurationDelegate - Bootstrapping Spring Data JPA repositories in DEFAULT mode.
2024-03-29 01:33:53.515 [main] INFO  o.s.d.r.c.RepositoryConfigurationDelegate - Finished Spring Data repository scanning in 52 ms. Found 5 JPA repository interfaces.
2024-03-29 01:33:54.023 [main] INFO  o.s.b.w.e.tomcat.TomcatWebServer - Tomcat initialized with port 8080 (http)
2024-03-29 01:33:54.030 [main] INFO  o.a.coyote.http11.Http11NioProtocol - Initializing ProtocolHandler ["http-nio-8080"]
2024-03-29 01:33:54.031 [main] INFO  o.a.catalina.core.StandardService - Starting service [Tomcat]
2024-03-29 01:33:54.031 [main] INFO  o.a.catalina.core.StandardEngine - Starting Servlet engine: [Apache Tomcat/10.1.19]
2024-03-29 01:33:54.072 [main] INFO  o.a.c.c.C.[Tomcat].[localhost].[/] - Initializing Spring embedded WebApplicationContext
2024-03-29 01:33:54.073 [main] INFO  o.s.b.w.s.c.ServletWebServerApplicationContext - Root WebApplicationContext: initialization completed in 1213 ms
2024-03-29 01:33:54.213 [main] INFO  o.h.jpa.internal.util.LogHelper - HHH000204: Processing PersistenceUnitInfo [name: default]
2024-03-29 01:33:54.251 [main] INFO  org.hibernate.Version - HHH000412: Hibernate ORM core version 6.4.4.Final
2024-03-29 01:33:54.281 [main] INFO  o.h.c.i.RegionFactoryInitiator - HHH000026: Second-level cache disabled
2024-03-29 01:33:54.426 [main] INFO  o.s.o.j.p.SpringPersistenceUnitInfo - No LoadTimeWeaver setup: ignoring JPA class transformer
2024-03-29 01:33:54.450 [main] INFO  com.zaxxer.hikari.HikariDataSource - HikariPool-1 - Starting...
2024-03-29 01:33:54.675 [main] INFO  com.zaxxer.hikari.pool.HikariPool - HikariPool-1 - Added connection org.postgresql.jdbc.PgConnection@21a5b599
2024-03-29 01:33:54.676 [main] INFO  com.zaxxer.hikari.HikariDataSource - HikariPool-1 - Start completed.
2024-03-29 01:33:55.464 [main] INFO  o.h.e.t.j.p.i.JtaPlatformInitiator - HHH000489: No JTA platform available (set 'hibernate.transaction.jta.platform' to enable JTA platform integration)
2024-03-29 01:33:55.555 [main] INFO  o.s.o.j.LocalContainerEntityManagerFactoryBean - Initialized JPA EntityManagerFactory for persistence unit 'default'
2024-03-29 01:33:55.804 [main] INFO  o.s.d.j.r.query.QueryEnhancerFactory - Hibernate is in classpath; If applicable, HQL parser will be used.
2024-03-29 01:33:57.100 [main] INFO  o.a.coyote.http11.Http11NioProtocol - Starting ProtocolHandler ["http-nio-8080"]
2024-03-29 01:33:57.115 [main] INFO  o.s.b.w.e.tomcat.TomcatWebServer - Tomcat started on port 8080 (http) with context path ''
2024-03-29 01:33:57.123 [main] INFO  a.tickets.AirlineTicketsApplication - Started AirlineTicketsApplication in 4.638 seconds (process running for 5.32)
2024-03-29 01:34:09.271 [http-nio-8080-exec-1] INFO  o.a.c.c.C.[Tomcat].[localhost].[/] - Initializing Spring DispatcherServlet 'dispatcherServlet'
2024-03-29 01:34:09.271 [http-nio-8080-exec-1] INFO  o.s.web.servlet.DispatcherServlet - Initializing Servlet 'dispatcherServlet'
2024-03-29 01:34:09.277 [http-nio-8080-exec-1] INFO  o.s.web.servlet.DispatcherServlet - Completed initialization in 1 ms
2024-03-29 01:34:19.058 [http-nio-8080-exec-4] INFO  a.tickets.aspect.LoggingAspect - Exception in: airline.tickets.service.impl.TicketServiceImpl.findByDepartureTown with args: [Minsk] cause: failed to lazily initialize a collection of role: airline.tickets.model.Flight.tickets: could not initialize proxy - no Session
2024-03-29 01:34:19.058 [http-nio-8080-exec-4] INFO  a.tickets.aspect.LoggingAspect - Exception in: airline.tickets.controller.TicketController.findUnreservedByDepartureTown with args: [Minsk] cause: failed to lazily initialize a collection of role: airline.tickets.model.Flight.tickets: could not initialize proxy - no Session
2024-03-29 01:35:46.791 [http-nio-8080-exec-6] INFO  a.tickets.aspect.LoggingAspect - Method called: airline.tickets.controller.AirlineController.findByName with args: [Belavia111] 
2024-03-29 01:35:46.791 [http-nio-8080-exec-6] INFO  a.tickets.aspect.LoggingAspect - Method called: airline.tickets.service.impl.AirlineServiceImpl.findByName with args: [Belavia111] 
2024-03-29 01:35:46.799 [http-nio-8080-exec-6] INFO  a.tickets.aspect.LoggingAspect - Exception in: airline.tickets.service.impl.AirlineServiceImpl.findByName with args: [Belavia111] cause: No Airline found with name: Belavia111
2024-03-29 01:35:46.799 [http-nio-8080-exec-6] INFO  a.tickets.aspect.LoggingAspect - Exception in: airline.tickets.controller.AirlineController.findByName with args: [Belavia111] cause: No Airline found with name: Belavia111
2024-03-29 01:35:50.035 [http-nio-8080-exec-7] INFO  a.tickets.aspect.LoggingAspect - Method called: airline.tickets.controller.AirlineController.findByName with args: [Belavia] 
2024-03-29 01:35:50.035 [http-nio-8080-exec-7] INFO  a.tickets.aspect.LoggingAspect - Method called: airline.tickets.service.impl.AirlineServiceImpl.findByName with args: [Belavia] 
2024-03-29 01:35:50.040 [http-nio-8080-exec-7] INFO  a.tickets.aspect.LoggingAspect - Method return: airline.tickets.service.impl.AirlineServiceImpl.findByName with args: [Belavia] returned: Optional[AirlineDTO(id=1, name=Belavia)]
2024-03-29 01:35:50.043 [http-nio-8080-exec-7] INFO  a.tickets.aspect.LoggingAspect - Method executed: airline.tickets.service.impl.AirlineServiceImpl.findByName with args: [Belavia] in 7ms
2024-03-29 01:35:50.043 [http-nio-8080-exec-7] INFO  a.tickets.aspect.LoggingAspect - Method return: airline.tickets.controller.AirlineController.findByName with args: [Belavia] returned: Optional[AirlineDTO(id=1, name=Belavia)]
2024-03-29 01:35:50.043 [http-nio-8080-exec-7] INFO  a.tickets.aspect.LoggingAspect - Method executed: airline.tickets.controller.AirlineController.findByName with args: [Belavia] in 8ms
2024-03-29 01:35:54.226 [http-nio-8080-exec-8] INFO  a.tickets.aspect.LoggingAspect - Method called: airline.tickets.controller.AirlineController.findAllFlights with args: [Belavia] 
2024-03-29 01:35:54.227 [http-nio-8080-exec-8] INFO  a.tickets.aspect.LoggingAspect - Method called: airline.tickets.service.impl.AirlineServiceImpl.findAllFlights with args: [Belavia] 
2024-03-29 01:35:54.229 [http-nio-8080-exec-8] INFO  a.tickets.aspect.LoggingAspect - Exception in: airline.tickets.service.impl.AirlineServiceImpl.findAllFlights with args: [Belavia] cause: failed to lazily initialize a collection of role: airline.tickets.model.Airline.flights: could not initialize proxy - no Session
2024-03-29 01:35:54.229 [http-nio-8080-exec-8] INFO  a.tickets.aspect.LoggingAspect - Exception in: airline.tickets.controller.AirlineController.findAllFlights with args: [Belavia] cause: failed to lazily initialize a collection of role: airline.tickets.model.Airline.flights: could not initialize proxy - no Session
2024-03-29 01:36:50.547 [SpringApplicationShutdownHook] INFO  o.s.o.j.LocalContainerEntityManagerFactoryBean - Closing JPA EntityManagerFactory for persistence unit 'default'
2024-03-29 01:36:50.548 [SpringApplicationShutdownHook] INFO  com.zaxxer.hikari.HikariDataSource - HikariPool-1 - Shutdown initiated...
2024-03-29 01:36:50.552 [SpringApplicationShutdownHook] INFO  com.zaxxer.hikari.HikariDataSource - HikariPool-1 - Shutdown completed.
2024-03-29 01:37:25.855 [background-preinit] INFO  o.h.validator.internal.util.Version - HV000001: Hibernate Validator 8.0.1.Final
2024-03-29 01:37:25.901 [main] INFO  a.tickets.AirlineTicketsApplication - Starting AirlineTicketsApplication using Java 17.0.10 with PID 6816 (D:\Учеба\4_sem\Java\AirlineTickets\target\classes started by Anton in D:\Учеба\4_sem\Java\AirlineTickets)
2024-03-29 01:37:25.903 [main] INFO  a.tickets.AirlineTicketsApplication - No active profile set, falling back to 1 default profile: "default"
2024-03-29 01:37:26.565 [main] INFO  o.s.d.r.c.RepositoryConfigurationDelegate - Bootstrapping Spring Data JPA repositories in DEFAULT mode.
2024-03-29 01:37:26.625 [main] INFO  o.s.d.r.c.RepositoryConfigurationDelegate - Finished Spring Data repository scanning in 54 ms. Found 5 JPA repository interfaces.
2024-03-29 01:37:27.127 [main] INFO  o.s.b.w.e.tomcat.TomcatWebServer - Tomcat initialized with port 8080 (http)
2024-03-29 01:37:27.133 [main] INFO  o.a.coyote.http11.Http11NioProtocol - Initializing ProtocolHandler ["http-nio-8080"]
2024-03-29 01:37:27.134 [main] INFO  o.a.catalina.core.StandardService - Starting service [Tomcat]
2024-03-29 01:37:27.134 [main] INFO  o.a.catalina.core.StandardEngine - Starting Servlet engine: [Apache Tomcat/10.1.19]
2024-03-29 01:37:27.182 [main] INFO  o.a.c.c.C.[Tomcat].[localhost].[/] - Initializing Spring embedded WebApplicationContext
2024-03-29 01:37:27.182 [main] INFO  o.s.b.w.s.c.ServletWebServerApplicationContext - Root WebApplicationContext: initialization completed in 1233 ms
2024-03-29 01:37:27.320 [main] INFO  o.h.jpa.internal.util.LogHelper - HHH000204: Processing PersistenceUnitInfo [name: default]
2024-03-29 01:37:27.359 [main] INFO  org.hibernate.Version - HHH000412: Hibernate ORM core version 6.4.4.Final
2024-03-29 01:37:27.386 [main] INFO  o.h.c.i.RegionFactoryInitiator - HHH000026: Second-level cache disabled
2024-03-29 01:37:27.530 [main] INFO  o.s.o.j.p.SpringPersistenceUnitInfo - No LoadTimeWeaver setup: ignoring JPA class transformer
2024-03-29 01:37:27.548 [main] INFO  com.zaxxer.hikari.HikariDataSource - HikariPool-1 - Starting...
2024-03-29 01:37:27.691 [main] INFO  com.zaxxer.hikari.pool.HikariPool - HikariPool-1 - Added connection org.postgresql.jdbc.PgConnection@35329a05
2024-03-29 01:37:27.714 [main] INFO  com.zaxxer.hikari.HikariDataSource - HikariPool-1 - Start completed.
2024-03-29 01:37:28.482 [main] INFO  o.h.e.t.j.p.i.JtaPlatformInitiator - HHH000489: No JTA platform available (set 'hibernate.transaction.jta.platform' to enable JTA platform integration)
2024-03-29 01:37:28.577 [main] INFO  o.s.o.j.LocalContainerEntityManagerFactoryBean - Initialized JPA EntityManagerFactory for persistence unit 'default'
2024-03-29 01:37:28.844 [main] INFO  o.s.d.j.r.query.QueryEnhancerFactory - Hibernate is in classpath; If applicable, HQL parser will be used.
2024-03-29 01:37:30.150 [main] INFO  o.a.coyote.http11.Http11NioProtocol - Starting ProtocolHandler ["http-nio-8080"]
2024-03-29 01:37:30.164 [main] INFO  o.s.b.w.e.tomcat.TomcatWebServer - Tomcat started on port 8080 (http) with context path ''
2024-03-29 01:37:30.172 [main] INFO  a.tickets.AirlineTicketsApplication - Started AirlineTicketsApplication in 4.577 seconds (process running for 5.169)
2024-03-29 01:37:38.301 [http-nio-8080-exec-3] INFO  o.a.c.c.C.[Tomcat].[localhost].[/] - Initializing Spring DispatcherServlet 'dispatcherServlet'
2024-03-29 01:37:38.301 [http-nio-8080-exec-3] INFO  o.s.web.servlet.DispatcherServlet - Initializing Servlet 'dispatcherServlet'
2024-03-29 01:37:38.302 [http-nio-8080-exec-3] INFO  o.s.web.servlet.DispatcherServlet - Completed initialization in 0 ms
2024-03-29 01:37:42.454 [http-nio-8080-exec-4] INFO  a.tickets.aspect.LoggingAspect - Method called: airline.tickets.controller.AirlineController.findByName with args: [Belavia] 
2024-03-29 01:37:42.454 [http-nio-8080-exec-4] INFO  a.tickets.aspect.LoggingAspect - Method called: airline.tickets.service.impl.AirlineServiceImpl.findByName with args: [Belavia] 
2024-03-29 01:37:42.563 [http-nio-8080-exec-4] INFO  a.tickets.aspect.LoggingAspect - Method return: airline.tickets.service.impl.AirlineServiceImpl.findByName with args: [Belavia] returned: Optional[AirlineDTO(id=1, name=Belavia)]
2024-03-29 01:37:42.563 [http-nio-8080-exec-4] INFO  a.tickets.aspect.LoggingAspect - Method executed: airline.tickets.service.impl.AirlineServiceImpl.findByName with args: [Belavia] in 109ms
2024-03-29 01:37:42.563 [http-nio-8080-exec-4] INFO  a.tickets.aspect.LoggingAspect - Method return: airline.tickets.controller.AirlineController.findByName with args: [Belavia] returned: Optional[AirlineDTO(id=1, name=Belavia)]
2024-03-29 01:37:42.563 [http-nio-8080-exec-4] INFO  a.tickets.aspect.LoggingAspect - Method executed: airline.tickets.controller.AirlineController.findByName with args: [Belavia] in 110ms
2024-03-29 01:37:45.884 [http-nio-8080-exec-5] INFO  a.tickets.aspect.LoggingAspect - Method called: airline.tickets.controller.AirlineController.findAllFlights with args: [Belavia] 
2024-03-29 01:37:45.884 [http-nio-8080-exec-5] INFO  a.tickets.aspect.LoggingAspect - Method called: airline.tickets.service.impl.AirlineServiceImpl.findAllFlights with args: [Belavia] 
2024-03-29 01:37:45.895 [http-nio-8080-exec-5] INFO  a.tickets.aspect.LoggingAspect - Method return: airline.tickets.service.impl.AirlineServiceImpl.findAllFlights with args: [Belavia] returned: [FlightDTO(id=1, departureTown=Minsk, arrivalTown=London, departureDateTime=2024-03-17T22:00, airlineName=Belavia), FlightDTO(id=2, departureTown=Minsk, arrivalTown=Paris, departureDateTime=2024-03-17T22:00, airlineName=Belavia), FlightDTO(id=3, departureTown=Paris, arrivalTown=Minsk, departureDateTime=2024-06-18T07:00, airlineName=Belavia)]
2024-03-29 01:37:45.896 [http-nio-8080-exec-5] INFO  a.tickets.aspect.LoggingAspect - Method executed: airline.tickets.service.impl.AirlineServiceImpl.findAllFlights with args: [Belavia] in 12ms
2024-03-29 01:37:45.896 [http-nio-8080-exec-5] INFO  a.tickets.aspect.LoggingAspect - Method return: airline.tickets.controller.AirlineController.findAllFlights with args: [Belavia] returned: [FlightDTO(id=1, departureTown=Minsk, arrivalTown=London, departureDateTime=2024-03-17T22:00, airlineName=Belavia), FlightDTO(id=2, departureTown=Minsk, arrivalTown=Paris, departureDateTime=2024-03-17T22:00, airlineName=Belavia), FlightDTO(id=3, departureTown=Paris, arrivalTown=Minsk, departureDateTime=2024-06-18T07:00, airlineName=Belavia)]
2024-03-29 01:37:45.896 [http-nio-8080-exec-5] INFO  a.tickets.aspect.LoggingAspect - Method executed: airline.tickets.controller.AirlineController.findAllFlights with args: [Belavia] in 12ms
2024-03-29 01:38:26.603 [http-nio-8080-exec-10] INFO  a.tickets.aspect.LoggingAspect - Method called: airline.tickets.controller.FlightController.findAllTickets with args: [1] 
2024-03-29 01:38:26.603 [http-nio-8080-exec-10] INFO  a.tickets.aspect.LoggingAspect - Method called: airline.tickets.service.impl.FlightServiceImpl.findAllTickets with args: [1] 
2024-03-29 01:38:26.612 [http-nio-8080-exec-10] INFO  a.tickets.aspect.LoggingAspect - Exception in: airline.tickets.service.impl.FlightServiceImpl.findAllTickets with args: [1] cause: failed to lazily initialize a collection of role: airline.tickets.model.Flight.tickets: could not initialize proxy - no Session
2024-03-29 01:38:26.612 [http-nio-8080-exec-10] INFO  a.tickets.aspect.LoggingAspect - Exception in: airline.tickets.controller.FlightController.findAllTickets with args: [1] cause: failed to lazily initialize a collection of role: airline.tickets.model.Flight.tickets: could not initialize proxy - no Session
2024-03-29 01:38:35.589 [SpringApplicationShutdownHook] INFO  o.s.o.j.LocalContainerEntityManagerFactoryBean - Closing JPA EntityManagerFactory for persistence unit 'default'
2024-03-29 01:38:35.592 [SpringApplicationShutdownHook] INFO  com.zaxxer.hikari.HikariDataSource - HikariPool-1 - Shutdown initiated...
2024-03-29 01:38:35.592 [SpringApplicationShutdownHook] INFO  com.zaxxer.hikari.HikariDataSource - HikariPool-1 - Shutdown completed.
2024-03-29 01:39:04.213 [background-preinit] INFO  o.h.validator.internal.util.Version - HV000001: Hibernate Validator 8.0.1.Final
2024-03-29 01:39:04.256 [main] INFO  a.tickets.AirlineTicketsApplication - Starting AirlineTicketsApplication using Java 17.0.10 with PID 12212 (D:\Учеба\4_sem\Java\AirlineTickets\target\classes started by Anton in D:\Учеба\4_sem\Java\AirlineTickets)
2024-03-29 01:39:04.257 [main] INFO  a.tickets.AirlineTicketsApplication - No active profile set, falling back to 1 default profile: "default"
2024-03-29 01:39:04.895 [main] INFO  o.s.d.r.c.RepositoryConfigurationDelegate - Bootstrapping Spring Data JPA repositories in DEFAULT mode.
2024-03-29 01:39:04.947 [main] INFO  o.s.d.r.c.RepositoryConfigurationDelegate - Finished Spring Data repository scanning in 47 ms. Found 5 JPA repository interfaces.
2024-03-29 01:39:05.439 [main] INFO  o.s.b.w.e.tomcat.TomcatWebServer - Tomcat initialized with port 8080 (http)
2024-03-29 01:39:05.445 [main] INFO  o.a.coyote.http11.Http11NioProtocol - Initializing ProtocolHandler ["http-nio-8080"]
2024-03-29 01:39:05.446 [main] INFO  o.a.catalina.core.StandardService - Starting service [Tomcat]
2024-03-29 01:39:05.446 [main] INFO  o.a.catalina.core.StandardEngine - Starting Servlet engine: [Apache Tomcat/10.1.19]
2024-03-29 01:39:05.486 [main] INFO  o.a.c.c.C.[Tomcat].[localhost].[/] - Initializing Spring embedded WebApplicationContext
2024-03-29 01:39:05.486 [main] INFO  o.s.b.w.s.c.ServletWebServerApplicationContext - Root WebApplicationContext: initialization completed in 1183 ms
2024-03-29 01:39:05.616 [main] INFO  o.h.jpa.internal.util.LogHelper - HHH000204: Processing PersistenceUnitInfo [name: default]
2024-03-29 01:39:05.650 [main] INFO  org.hibernate.Version - HHH000412: Hibernate ORM core version 6.4.4.Final
2024-03-29 01:39:05.676 [main] INFO  o.h.c.i.RegionFactoryInitiator - HHH000026: Second-level cache disabled
2024-03-29 01:39:05.828 [main] INFO  o.s.o.j.p.SpringPersistenceUnitInfo - No LoadTimeWeaver setup: ignoring JPA class transformer
2024-03-29 01:39:05.845 [main] INFO  com.zaxxer.hikari.HikariDataSource - HikariPool-1 - Starting...
2024-03-29 01:39:05.987 [main] INFO  com.zaxxer.hikari.pool.HikariPool - HikariPool-1 - Added connection org.postgresql.jdbc.PgConnection@d1f23a0
2024-03-29 01:39:05.988 [main] INFO  com.zaxxer.hikari.HikariDataSource - HikariPool-1 - Start completed.
2024-03-29 01:39:06.752 [main] INFO  o.h.e.t.j.p.i.JtaPlatformInitiator - HHH000489: No JTA platform available (set 'hibernate.transaction.jta.platform' to enable JTA platform integration)
2024-03-29 01:39:06.848 [main] INFO  o.s.o.j.LocalContainerEntityManagerFactoryBean - Initialized JPA EntityManagerFactory for persistence unit 'default'
2024-03-29 01:39:07.122 [main] INFO  o.s.d.j.r.query.QueryEnhancerFactory - Hibernate is in classpath; If applicable, HQL parser will be used.
2024-03-29 01:39:08.761 [main] INFO  o.a.coyote.http11.Http11NioProtocol - Starting ProtocolHandler ["http-nio-8080"]
2024-03-29 01:39:08.782 [main] INFO  o.s.b.w.e.tomcat.TomcatWebServer - Tomcat started on port 8080 (http) with context path ''
2024-03-29 01:39:08.792 [main] INFO  a.tickets.AirlineTicketsApplication - Started AirlineTicketsApplication in 4.835 seconds (process running for 5.511)
2024-03-29 01:39:19.024 [http-nio-8080-exec-2] INFO  o.a.c.c.C.[Tomcat].[localhost].[/] - Initializing Spring DispatcherServlet 'dispatcherServlet'
2024-03-29 01:39:19.024 [http-nio-8080-exec-2] INFO  o.s.web.servlet.DispatcherServlet - Initializing Servlet 'dispatcherServlet'
2024-03-29 01:39:19.028 [http-nio-8080-exec-2] INFO  o.s.web.servlet.DispatcherServlet - Completed initialization in 4 ms
2024-03-29 01:39:25.633 [http-nio-8080-exec-5] INFO  a.tickets.aspect.LoggingAspect - Method called: airline.tickets.controller.FlightController.findAllTickets with args: [1] 
2024-03-29 01:39:25.641 [http-nio-8080-exec-5] INFO  a.tickets.aspect.LoggingAspect - Method called: airline.tickets.service.impl.FlightServiceImpl.findAllTickets with args: [1] 
2024-03-29 01:39:25.665 [http-nio-8080-exec-5] INFO  a.tickets.aspect.LoggingAspect - Method return: airline.tickets.service.impl.FlightServiceImpl.findAllTickets with args: [1] returned: [TicketDTO(id=2, price=10, isReserved=false, flight=FlightDTO(id=1, departureTown=Minsk, arrivalTown=London, departureDateTime=2024-03-17T22:00, airlineName=Belavia))]
2024-03-29 01:39:25.665 [http-nio-8080-exec-5] INFO  a.tickets.aspect.LoggingAspect - Method executed: airline.tickets.service.impl.FlightServiceImpl.findAllTickets with args: [1] in 24ms
2024-03-29 01:39:25.665 [http-nio-8080-exec-5] INFO  a.tickets.aspect.LoggingAspect - Method return: airline.tickets.controller.FlightController.findAllTickets with args: [1] returned: [TicketDTO(id=2, price=10, isReserved=false, flight=FlightDTO(id=1, departureTown=Minsk, arrivalTown=London, departureDateTime=2024-03-17T22:00, airlineName=Belavia))]
2024-03-29 01:39:25.665 [http-nio-8080-exec-5] INFO  a.tickets.aspect.LoggingAspect - Method executed: airline.tickets.controller.FlightController.findAllTickets with args: [1] in 32ms
2024-03-29 01:40:01.466 [http-nio-8080-exec-8] INFO  a.tickets.aspect.LoggingAspect - Method called: airline.tickets.controller.FlightController.findAllPassengers with args: [1] 
2024-03-29 01:40:01.466 [http-nio-8080-exec-8] INFO  a.tickets.aspect.LoggingAspect - Method called: airline.tickets.service.impl.FlightServiceImpl.findAllPassengers with args: [1] 
2024-03-29 01:40:01.483 [http-nio-8080-exec-8] INFO  a.tickets.aspect.LoggingAspect - Method return: airline.tickets.service.impl.FlightServiceImpl.findAllPassengers with args: [1] returned: []
2024-03-29 01:40:01.483 [http-nio-8080-exec-8] INFO  a.tickets.aspect.LoggingAspect - Method executed: airline.tickets.service.impl.FlightServiceImpl.findAllPassengers with args: [1] in 17ms
2024-03-29 01:40:01.483 [http-nio-8080-exec-8] INFO  a.tickets.aspect.LoggingAspect - Method return: airline.tickets.controller.FlightController.findAllPassengers with args: [1] returned: []
2024-03-29 01:40:01.483 [http-nio-8080-exec-8] INFO  a.tickets.aspect.LoggingAspect - Method executed: airline.tickets.controller.FlightController.findAllPassengers with args: [1] in 17ms
2024-03-29 01:40:08.651 [http-nio-8080-exec-9] INFO  a.tickets.aspect.LoggingAspect - Method called: airline.tickets.controller.FlightController.findAllPassengers with args: [2] 
2024-03-29 01:40:08.652 [http-nio-8080-exec-9] INFO  a.tickets.aspect.LoggingAspect - Method called: airline.tickets.service.impl.FlightServiceImpl.findAllPassengers with args: [2] 
2024-03-29 01:40:08.666 [http-nio-8080-exec-9] INFO  a.tickets.aspect.LoggingAspect - Method return: airline.tickets.service.impl.FlightServiceImpl.findAllPassengers with args: [2] returned: [PassengerDTO(id=1, name=Anton Pavlovich, passportNumber=KANOkuIpEN0bd_6), PassengerDTO(id=3, name=Vladimir Putin, passportNumber=BkZoIO65BRSdEob)]
2024-03-29 01:40:08.666 [http-nio-8080-exec-9] INFO  a.tickets.aspect.LoggingAspect - Method executed: airline.tickets.service.impl.FlightServiceImpl.findAllPassengers with args: [2] in 14ms
2024-03-29 01:40:08.666 [http-nio-8080-exec-9] INFO  a.tickets.aspect.LoggingAspect - Method return: airline.tickets.controller.FlightController.findAllPassengers with args: [2] returned: [PassengerDTO(id=1, name=Anton Pavlovich, passportNumber=KANOkuIpEN0bd_6), PassengerDTO(id=3, name=Vladimir Putin, passportNumber=BkZoIO65BRSdEob)]
2024-03-29 01:40:08.666 [http-nio-8080-exec-9] INFO  a.tickets.aspect.LoggingAspect - Method executed: airline.tickets.controller.FlightController.findAllPassengers with args: [2] in 15ms
2024-03-29 01:41:46.034 [http-nio-8080-exec-6] INFO  a.tickets.aspect.LoggingAspect - Method called: airline.tickets.controller.PassengerController.findAllFlights with args: [1] 
2024-03-29 01:41:46.036 [http-nio-8080-exec-6] INFO  a.tickets.aspect.LoggingAspect - Method called: airline.tickets.service.impl.PassengerServiceImpl.findAllFlights with args: [1] 
2024-03-29 01:41:46.105 [http-nio-8080-exec-6] INFO  a.tickets.aspect.LoggingAspect - Exception in: airline.tickets.service.impl.PassengerServiceImpl.findAllFlights with args: [1] cause: failed to lazily initialize a collection of role: airline.tickets.model.Passenger.flights: could not initialize proxy - no Session
2024-03-29 01:41:46.105 [http-nio-8080-exec-6] INFO  a.tickets.aspect.LoggingAspect - Exception in: airline.tickets.controller.PassengerController.findAllFlights with args: [1] cause: failed to lazily initialize a collection of role: airline.tickets.model.Passenger.flights: could not initialize proxy - no Session
2024-03-29 01:42:17.735 [SpringApplicationShutdownHook] INFO  o.s.o.j.LocalContainerEntityManagerFactoryBean - Closing JPA EntityManagerFactory for persistence unit 'default'
2024-03-29 01:42:17.737 [SpringApplicationShutdownHook] INFO  com.zaxxer.hikari.HikariDataSource - HikariPool-1 - Shutdown initiated...
2024-03-29 01:42:17.742 [SpringApplicationShutdownHook] INFO  com.zaxxer.hikari.HikariDataSource - HikariPool-1 - Shutdown completed.
2024-03-29 01:42:23.520 [background-preinit] INFO  o.h.validator.internal.util.Version - HV000001: Hibernate Validator 8.0.1.Final
2024-03-29 01:42:23.563 [main] INFO  a.tickets.AirlineTicketsApplication - Starting AirlineTicketsApplication using Java 17.0.10 with PID 14420 (D:\Учеба\4_sem\Java\AirlineTickets\target\classes started by Anton in D:\Учеба\4_sem\Java\AirlineTickets)
2024-03-29 01:42:23.564 [main] INFO  a.tickets.AirlineTicketsApplication - No active profile set, falling back to 1 default profile: "default"
2024-03-29 01:42:24.229 [main] INFO  o.s.d.r.c.RepositoryConfigurationDelegate - Bootstrapping Spring Data JPA repositories in DEFAULT mode.
2024-03-29 01:42:24.285 [main] INFO  o.s.d.r.c.RepositoryConfigurationDelegate - Finished Spring Data repository scanning in 51 ms. Found 5 JPA repository interfaces.
2024-03-29 01:42:24.787 [main] INFO  o.s.b.w.e.tomcat.TomcatWebServer - Tomcat initialized with port 8080 (http)
2024-03-29 01:42:24.794 [main] INFO  o.a.coyote.http11.Http11NioProtocol - Initializing ProtocolHandler ["http-nio-8080"]
2024-03-29 01:42:24.795 [main] INFO  o.a.catalina.core.StandardService - Starting service [Tomcat]
2024-03-29 01:42:24.796 [main] INFO  o.a.catalina.core.StandardEngine - Starting Servlet engine: [Apache Tomcat/10.1.19]
2024-03-29 01:42:24.838 [main] INFO  o.a.c.c.C.[Tomcat].[localhost].[/] - Initializing Spring embedded WebApplicationContext
2024-03-29 01:42:24.887 [main] INFO  o.s.b.w.s.c.ServletWebServerApplicationContext - Root WebApplicationContext: initialization completed in 1278 ms
2024-03-29 01:42:25.054 [main] INFO  o.h.jpa.internal.util.LogHelper - HHH000204: Processing PersistenceUnitInfo [name: default]
2024-03-29 01:42:25.089 [main] INFO  org.hibernate.Version - HHH000412: Hibernate ORM core version 6.4.4.Final
2024-03-29 01:42:25.111 [main] INFO  o.h.c.i.RegionFactoryInitiator - HHH000026: Second-level cache disabled
2024-03-29 01:42:25.246 [main] INFO  o.s.o.j.p.SpringPersistenceUnitInfo - No LoadTimeWeaver setup: ignoring JPA class transformer
2024-03-29 01:42:25.267 [main] INFO  com.zaxxer.hikari.HikariDataSource - HikariPool-1 - Starting...
2024-03-29 01:42:25.403 [main] INFO  com.zaxxer.hikari.pool.HikariPool - HikariPool-1 - Added connection org.postgresql.jdbc.PgConnection@6dcbbb49
2024-03-29 01:42:25.404 [main] INFO  com.zaxxer.hikari.HikariDataSource - HikariPool-1 - Start completed.
2024-03-29 01:42:26.176 [main] INFO  o.h.e.t.j.p.i.JtaPlatformInitiator - HHH000489: No JTA platform available (set 'hibernate.transaction.jta.platform' to enable JTA platform integration)
2024-03-29 01:42:26.265 [main] INFO  o.s.o.j.LocalContainerEntityManagerFactoryBean - Initialized JPA EntityManagerFactory for persistence unit 'default'
2024-03-29 01:42:26.529 [main] INFO  o.s.d.j.r.query.QueryEnhancerFactory - Hibernate is in classpath; If applicable, HQL parser will be used.
2024-03-29 01:42:27.824 [main] INFO  o.a.coyote.http11.Http11NioProtocol - Starting ProtocolHandler ["http-nio-8080"]
2024-03-29 01:42:27.838 [main] INFO  o.s.b.w.e.tomcat.TomcatWebServer - Tomcat started on port 8080 (http) with context path ''
2024-03-29 01:42:27.846 [main] INFO  a.tickets.AirlineTicketsApplication - Started AirlineTicketsApplication in 4.592 seconds (process running for 5.257)
2024-03-29 01:42:33.789 [http-nio-8080-exec-2] INFO  o.a.c.c.C.[Tomcat].[localhost].[/] - Initializing Spring DispatcherServlet 'dispatcherServlet'
2024-03-29 01:42:33.790 [http-nio-8080-exec-2] INFO  o.s.web.servlet.DispatcherServlet - Initializing Servlet 'dispatcherServlet'
2024-03-29 01:42:33.791 [http-nio-8080-exec-2] INFO  o.s.web.servlet.DispatcherServlet - Completed initialization in 1 ms
2024-03-29 01:42:33.820 [http-nio-8080-exec-2] INFO  a.tickets.aspect.LoggingAspect - Method called: airline.tickets.controller.PassengerController.findAllFlights with args: [1] 
2024-03-29 01:42:33.820 [http-nio-8080-exec-2] INFO  a.tickets.aspect.LoggingAspect - Method called: airline.tickets.service.impl.PassengerServiceImpl.findAllFlights with args: [1] 
2024-03-29 01:42:33.963 [http-nio-8080-exec-2] INFO  a.tickets.aspect.LoggingAspect - Method return: airline.tickets.service.impl.PassengerServiceImpl.findAllFlights with args: [1] returned: [FlightDTO(id=2, departureTown=Minsk, arrivalTown=Paris, departureDateTime=2024-03-17T22:00, airlineName=Belavia)]
2024-03-29 01:42:33.963 [http-nio-8080-exec-2] INFO  a.tickets.aspect.LoggingAspect - Method executed: airline.tickets.service.impl.PassengerServiceImpl.findAllFlights with args: [1] in 143ms
2024-03-29 01:42:33.963 [http-nio-8080-exec-2] INFO  a.tickets.aspect.LoggingAspect - Method return: airline.tickets.controller.PassengerController.findAllFlights with args: [1] returned: [FlightDTO(id=2, departureTown=Minsk, arrivalTown=Paris, departureDateTime=2024-03-17T22:00, airlineName=Belavia)]
2024-03-29 01:42:33.963 [http-nio-8080-exec-2] INFO  a.tickets.aspect.LoggingAspect - Method executed: airline.tickets.controller.PassengerController.findAllFlights with args: [1] in 144ms
2024-03-29 01:42:40.057 [http-nio-8080-exec-3] INFO  a.tickets.aspect.LoggingAspect - Method called: airline.tickets.controller.PassengerController.findAllFlights with args: [2] 
2024-03-29 01:42:40.057 [http-nio-8080-exec-3] INFO  a.tickets.aspect.LoggingAspect - Method called: airline.tickets.service.impl.PassengerServiceImpl.findAllFlights with args: [2] 
2024-03-29 01:42:40.091 [http-nio-8080-exec-3] INFO  a.tickets.aspect.LoggingAspect - Method return: airline.tickets.service.impl.PassengerServiceImpl.findAllFlights with args: [2] returned: [FlightDTO(id=3, departureTown=Paris, arrivalTown=Minsk, departureDateTime=2024-06-18T07:00, airlineName=Belavia)]
2024-03-29 01:42:40.091 [http-nio-8080-exec-3] INFO  a.tickets.aspect.LoggingAspect - Method executed: airline.tickets.service.impl.PassengerServiceImpl.findAllFlights with args: [2] in 34ms
2024-03-29 01:42:40.091 [http-nio-8080-exec-3] INFO  a.tickets.aspect.LoggingAspect - Method return: airline.tickets.controller.PassengerController.findAllFlights with args: [2] returned: [FlightDTO(id=3, departureTown=Paris, arrivalTown=Minsk, departureDateTime=2024-06-18T07:00, airlineName=Belavia)]
2024-03-29 01:42:40.091 [http-nio-8080-exec-3] INFO  a.tickets.aspect.LoggingAspect - Method executed: airline.tickets.controller.PassengerController.findAllFlights with args: [2] in 34ms
2024-03-29 01:42:45.430 [http-nio-8080-exec-4] INFO  a.tickets.aspect.LoggingAspect - Method called: airline.tickets.controller.PassengerController.findAllFlights with args: [3] 
2024-03-29 01:42:45.430 [http-nio-8080-exec-4] INFO  a.tickets.aspect.LoggingAspect - Method called: airline.tickets.service.impl.PassengerServiceImpl.findAllFlights with args: [3] 
2024-03-29 01:42:45.463 [http-nio-8080-exec-4] INFO  a.tickets.aspect.LoggingAspect - Method return: airline.tickets.service.impl.PassengerServiceImpl.findAllFlights with args: [3] returned: [FlightDTO(id=2, departureTown=Minsk, arrivalTown=Paris, departureDateTime=2024-03-17T22:00, airlineName=Belavia), FlightDTO(id=4, departureTown=Dubai, arrivalTown=Rome, departureDateTime=2024-06-18T07:00, airlineName=QatarAirways)]
2024-03-29 01:42:45.463 [http-nio-8080-exec-4] INFO  a.tickets.aspect.LoggingAspect - Method executed: airline.tickets.service.impl.PassengerServiceImpl.findAllFlights with args: [3] in 33ms
2024-03-29 01:42:45.463 [http-nio-8080-exec-4] INFO  a.tickets.aspect.LoggingAspect - Method return: airline.tickets.controller.PassengerController.findAllFlights with args: [3] returned: [FlightDTO(id=2, departureTown=Minsk, arrivalTown=Paris, departureDateTime=2024-03-17T22:00, airlineName=Belavia), FlightDTO(id=4, departureTown=Dubai, arrivalTown=Rome, departureDateTime=2024-06-18T07:00, airlineName=QatarAirways)]
2024-03-29 01:42:45.463 [http-nio-8080-exec-4] INFO  a.tickets.aspect.LoggingAspect - Method executed: airline.tickets.controller.PassengerController.findAllFlights with args: [3] in 33ms
2024-03-29 01:42:51.921 [http-nio-8080-exec-5] INFO  a.tickets.aspect.LoggingAspect - Method called: airline.tickets.controller.PassengerController.findAllReservations with args: [3] 
2024-03-29 01:42:51.921 [http-nio-8080-exec-5] INFO  a.tickets.aspect.LoggingAspect - Method called: airline.tickets.service.impl.PassengerServiceImpl.findAllReservations with args: [3] 
2024-03-29 01:42:51.953 [http-nio-8080-exec-5] INFO  a.tickets.aspect.LoggingAspect - Method return: airline.tickets.service.impl.PassengerServiceImpl.findAllReservations with args: [3] returned: [ReservationDTO(id=2, passenger=PassengerDTO(id=3, name=Vladimir Putin, passportNumber=BkZoIO65BRSdEob), ticket=TicketDTO(id=4, price=20, isReserved=true, flight=FlightDTO(id=2, departureTown=Minsk, arrivalTown=Paris, departureDateTime=2024-03-17T22:00, airlineName=Belavia))), ReservationDTO(id=4, passenger=PassengerDTO(id=3, name=Vladimir Putin, passportNumber=BkZoIO65BRSdEob), ticket=TicketDTO(id=8, price=40, isReserved=true, flight=FlightDTO(id=4, departureTown=Dubai, arrivalTown=Rome, departureDateTime=2024-06-18T07:00, airlineName=QatarAirways)))]
2024-03-29 01:42:51.953 [http-nio-8080-exec-5] INFO  a.tickets.aspect.LoggingAspect - Method executed: airline.tickets.service.impl.PassengerServiceImpl.findAllReservations with args: [3] in 32ms
2024-03-29 01:42:51.953 [http-nio-8080-exec-5] INFO  a.tickets.aspect.LoggingAspect - Method return: airline.tickets.controller.PassengerController.findAllReservations with args: [3] returned: [ReservationDTO(id=2, passenger=PassengerDTO(id=3, name=Vladimir Putin, passportNumber=BkZoIO65BRSdEob), ticket=TicketDTO(id=4, price=20, isReserved=true, flight=FlightDTO(id=2, departureTown=Minsk, arrivalTown=Paris, departureDateTime=2024-03-17T22:00, airlineName=Belavia))), ReservationDTO(id=4, passenger=PassengerDTO(id=3, name=Vladimir Putin, passportNumber=BkZoIO65BRSdEob), ticket=TicketDTO(id=8, price=40, isReserved=true, flight=FlightDTO(id=4, departureTown=Dubai, arrivalTown=Rome, departureDateTime=2024-06-18T07:00, airlineName=QatarAirways)))]
2024-03-29 01:42:51.953 [http-nio-8080-exec-5] INFO  a.tickets.aspect.LoggingAspect - Method executed: airline.tickets.controller.PassengerController.findAllReservations with args: [3] in 32ms
2024-03-29 01:43:07.745 [http-nio-8080-exec-7] INFO  a.tickets.aspect.LoggingAspect - Method called: airline.tickets.controller.TicketController.findByFlightId with args: [1] 
2024-03-29 01:43:07.745 [http-nio-8080-exec-7] INFO  a.tickets.aspect.LoggingAspect - Method called: airline.tickets.service.impl.TicketServiceImpl.findByFlightId with args: [1] 
2024-03-29 01:43:07.773 [http-nio-8080-exec-7] INFO  a.tickets.aspect.LoggingAspect - Method return: airline.tickets.service.impl.TicketServiceImpl.findByFlightId with args: [1] returned: [TicketDTO(id=2, price=10, isReserved=false, flight=FlightDTO(id=1, departureTown=Minsk, arrivalTown=London, departureDateTime=2024-03-17T22:00, airlineName=Belavia))]
2024-03-29 01:43:07.774 [http-nio-8080-exec-7] INFO  a.tickets.aspect.LoggingAspect - Method executed: airline.tickets.service.impl.TicketServiceImpl.findByFlightId with args: [1] in 29ms
2024-03-29 01:43:07.774 [http-nio-8080-exec-7] INFO  a.tickets.aspect.LoggingAspect - Method return: airline.tickets.controller.TicketController.findByFlightId with args: [1] returned: [TicketDTO(id=2, price=10, isReserved=false, flight=FlightDTO(id=1, departureTown=Minsk, arrivalTown=London, departureDateTime=2024-03-17T22:00, airlineName=Belavia))]
2024-03-29 01:43:07.774 [http-nio-8080-exec-7] INFO  a.tickets.aspect.LoggingAspect - Method executed: airline.tickets.controller.TicketController.findByFlightId with args: [1] in 29ms
2024-03-29 01:43:11.161 [http-nio-8080-exec-8] INFO  a.tickets.aspect.LoggingAspect - Method called: airline.tickets.controller.TicketController.findByFlightId with args: [3] 
2024-03-29 01:43:11.163 [http-nio-8080-exec-8] INFO  a.tickets.aspect.LoggingAspect - Method called: airline.tickets.service.impl.TicketServiceImpl.findByFlightId with args: [3] 
2024-03-29 01:43:11.183 [http-nio-8080-exec-8] INFO  a.tickets.aspect.LoggingAspect - Method return: airline.tickets.service.impl.TicketServiceImpl.findByFlightId with args: [3] returned: [TicketDTO(id=5, price=30, isReserved=false, flight=FlightDTO(id=3, departureTown=Paris, arrivalTown=Minsk, departureDateTime=2024-06-18T07:00, airlineName=Belavia)), TicketDTO(id=7, price=30, isReserved=false, flight=FlightDTO(id=3, departureTown=Paris, arrivalTown=Minsk, departureDateTime=2024-06-18T07:00, airlineName=Belavia)), TicketDTO(id=6, price=30, isReserved=true, flight=FlightDTO(id=3, departureTown=Paris, arrivalTown=Minsk, departureDateTime=2024-06-18T07:00, airlineName=Belavia))]
2024-03-29 01:43:11.188 [http-nio-8080-exec-8] INFO  a.tickets.aspect.LoggingAspect - Method executed: airline.tickets.service.impl.TicketServiceImpl.findByFlightId with args: [3] in 25ms
2024-03-29 01:43:11.188 [http-nio-8080-exec-8] INFO  a.tickets.aspect.LoggingAspect - Method return: airline.tickets.controller.TicketController.findByFlightId with args: [3] returned: [TicketDTO(id=5, price=30, isReserved=false, flight=FlightDTO(id=3, departureTown=Paris, arrivalTown=Minsk, departureDateTime=2024-06-18T07:00, airlineName=Belavia)), TicketDTO(id=7, price=30, isReserved=false, flight=FlightDTO(id=3, departureTown=Paris, arrivalTown=Minsk, departureDateTime=2024-06-18T07:00, airlineName=Belavia)), TicketDTO(id=6, price=30, isReserved=true, flight=FlightDTO(id=3, departureTown=Paris, arrivalTown=Minsk, departureDateTime=2024-06-18T07:00, airlineName=Belavia))]
2024-03-29 01:43:11.188 [http-nio-8080-exec-8] INFO  a.tickets.aspect.LoggingAspect - Method executed: airline.tickets.controller.TicketController.findByFlightId with args: [3] in 27ms
2024-03-29 01:43:42.815 [SpringApplicationShutdownHook] INFO  o.s.o.j.LocalContainerEntityManagerFactoryBean - Closing JPA EntityManagerFactory for persistence unit 'default'
2024-03-29 01:43:42.819 [SpringApplicationShutdownHook] INFO  com.zaxxer.hikari.HikariDataSource - HikariPool-1 - Shutdown initiated...
2024-03-29 01:43:42.824 [SpringApplicationShutdownHook] INFO  com.zaxxer.hikari.HikariDataSource - HikariPool-1 - Shutdown completed.
2024-03-29 02:36:57.579 [background-preinit] INFO  o.h.validator.internal.util.Version - HV000001: Hibernate Validator 8.0.1.Final
2024-03-29 02:36:57.626 [main] INFO  a.tickets.AirlineTicketsApplication - Starting AirlineTicketsApplication using Java 17.0.10 with PID 3368 (D:\Учеба\4_sem\Java\AirlineTickets\target\classes started by Anton in D:\Учеба\4_sem\Java\AirlineTickets)
2024-03-29 02:36:57.626 [main] INFO  a.tickets.AirlineTicketsApplication - No active profile set, falling back to 1 default profile: "default"
2024-03-29 02:36:58.268 [main] INFO  o.s.d.r.c.RepositoryConfigurationDelegate - Bootstrapping Spring Data JPA repositories in DEFAULT mode.
2024-03-29 02:36:58.332 [main] INFO  o.s.d.r.c.RepositoryConfigurationDelegate - Finished Spring Data repository scanning in 59 ms. Found 5 JPA repository interfaces.
2024-03-29 02:36:58.843 [main] INFO  o.s.b.w.e.tomcat.TomcatWebServer - Tomcat initialized with port 8080 (http)
2024-03-29 02:36:58.850 [main] INFO  o.a.coyote.http11.Http11NioProtocol - Initializing ProtocolHandler ["http-nio-8080"]
2024-03-29 02:36:58.851 [main] INFO  o.a.catalina.core.StandardService - Starting service [Tomcat]
2024-03-29 02:36:58.851 [main] INFO  o.a.catalina.core.StandardEngine - Starting Servlet engine: [Apache Tomcat/10.1.19]
2024-03-29 02:36:58.892 [main] INFO  o.a.c.c.C.[Tomcat].[localhost].[/] - Initializing Spring embedded WebApplicationContext
2024-03-29 02:36:58.893 [main] INFO  o.s.b.w.s.c.ServletWebServerApplicationContext - Root WebApplicationContext: initialization completed in 1225 ms
2024-03-29 02:36:59.017 [main] INFO  o.h.jpa.internal.util.LogHelper - HHH000204: Processing PersistenceUnitInfo [name: default]
2024-03-29 02:36:59.057 [main] INFO  org.hibernate.Version - HHH000412: Hibernate ORM core version 6.4.4.Final
2024-03-29 02:36:59.083 [main] INFO  o.h.c.i.RegionFactoryInitiator - HHH000026: Second-level cache disabled
2024-03-29 02:36:59.236 [main] INFO  o.s.o.j.p.SpringPersistenceUnitInfo - No LoadTimeWeaver setup: ignoring JPA class transformer
2024-03-29 02:36:59.253 [main] INFO  com.zaxxer.hikari.HikariDataSource - HikariPool-1 - Starting...
2024-03-29 02:36:59.452 [main] INFO  com.zaxxer.hikari.pool.HikariPool - HikariPool-1 - Added connection org.postgresql.jdbc.PgConnection@7db162f2
2024-03-29 02:36:59.453 [main] INFO  com.zaxxer.hikari.HikariDataSource - HikariPool-1 - Start completed.
2024-03-29 02:37:00.242 [main] INFO  o.h.e.t.j.p.i.JtaPlatformInitiator - HHH000489: No JTA platform available (set 'hibernate.transaction.jta.platform' to enable JTA platform integration)
2024-03-29 02:37:00.352 [main] INFO  o.s.o.j.LocalContainerEntityManagerFactoryBean - Initialized JPA EntityManagerFactory for persistence unit 'default'
2024-03-29 02:37:00.590 [main] INFO  o.s.d.j.r.query.QueryEnhancerFactory - Hibernate is in classpath; If applicable, HQL parser will be used.
2024-03-29 02:37:01.893 [main] INFO  o.a.coyote.http11.Http11NioProtocol - Starting ProtocolHandler ["http-nio-8080"]
2024-03-29 02:37:01.908 [main] INFO  o.s.b.w.e.tomcat.TomcatWebServer - Tomcat started on port 8080 (http) with context path ''
2024-03-29 02:37:01.917 [main] INFO  a.tickets.AirlineTicketsApplication - Started AirlineTicketsApplication in 4.65 seconds (process running for 5.322)
2024-03-29 02:37:14.921 [http-nio-8080-exec-1] INFO  o.a.c.c.C.[Tomcat].[localhost].[/] - Initializing Spring DispatcherServlet 'dispatcherServlet'
2024-03-29 02:37:14.921 [http-nio-8080-exec-1] INFO  o.s.web.servlet.DispatcherServlet - Initializing Servlet 'dispatcherServlet'
2024-03-29 02:37:14.921 [http-nio-8080-exec-1] INFO  o.s.web.servlet.DispatcherServlet - Completed initialization in 0 ms
2024-03-29 02:37:16.298 [http-nio-8080-exec-9] INFO  o.s.api.AbstractOpenApiResource - Init duration for springdoc-openapi is: 879 ms
2024-03-29 02:38:26.878 [SpringApplicationShutdownHook] INFO  o.s.o.j.LocalContainerEntityManagerFactoryBean - Closing JPA EntityManagerFactory for persistence unit 'default'
2024-03-29 02:38:26.878 [SpringApplicationShutdownHook] INFO  com.zaxxer.hikari.HikariDataSource - HikariPool-1 - Shutdown initiated...
2024-03-29 02:38:26.889 [SpringApplicationShutdownHook] INFO  com.zaxxer.hikari.HikariDataSource - HikariPool-1 - Shutdown completed.
2024-03-29 02:39:07.779 [background-preinit] INFO  o.h.validator.internal.util.Version - HV000001: Hibernate Validator 8.0.1.Final
2024-03-29 02:39:07.823 [main] INFO  a.tickets.AirlineTicketsApplication - Starting AirlineTicketsApplication using Java 17.0.10 with PID 14928 (D:\Учеба\4_sem\Java\AirlineTickets\target\classes started by Anton in D:\Учеба\4_sem\Java\AirlineTickets)
2024-03-29 02:39:07.824 [main] INFO  a.tickets.AirlineTicketsApplication - No active profile set, falling back to 1 default profile: "default"
2024-03-29 02:39:08.460 [main] INFO  o.s.d.r.c.RepositoryConfigurationDelegate - Bootstrapping Spring Data JPA repositories in DEFAULT mode.
2024-03-29 02:39:08.518 [main] INFO  o.s.d.r.c.RepositoryConfigurationDelegate - Finished Spring Data repository scanning in 52 ms. Found 5 JPA repository interfaces.
2024-03-29 02:39:09.009 [main] INFO  o.s.b.w.e.tomcat.TomcatWebServer - Tomcat initialized with port 8080 (http)
2024-03-29 02:39:09.016 [main] INFO  o.a.coyote.http11.Http11NioProtocol - Initializing ProtocolHandler ["http-nio-8080"]
2024-03-29 02:39:09.017 [main] INFO  o.a.catalina.core.StandardService - Starting service [Tomcat]
2024-03-29 02:39:09.018 [main] INFO  o.a.catalina.core.StandardEngine - Starting Servlet engine: [Apache Tomcat/10.1.19]
2024-03-29 02:39:09.063 [main] INFO  o.a.c.c.C.[Tomcat].[localhost].[/] - Initializing Spring embedded WebApplicationContext
2024-03-29 02:39:09.064 [main] INFO  o.s.b.w.s.c.ServletWebServerApplicationContext - Root WebApplicationContext: initialization completed in 1199 ms
2024-03-29 02:39:09.201 [main] INFO  o.h.jpa.internal.util.LogHelper - HHH000204: Processing PersistenceUnitInfo [name: default]
2024-03-29 02:39:09.239 [main] INFO  org.hibernate.Version - HHH000412: Hibernate ORM core version 6.4.4.Final
2024-03-29 02:39:09.266 [main] INFO  o.h.c.i.RegionFactoryInitiator - HHH000026: Second-level cache disabled
2024-03-29 02:39:09.403 [main] INFO  o.s.o.j.p.SpringPersistenceUnitInfo - No LoadTimeWeaver setup: ignoring JPA class transformer
2024-03-29 02:39:09.420 [main] INFO  com.zaxxer.hikari.HikariDataSource - HikariPool-1 - Starting...
2024-03-29 02:39:09.547 [main] INFO  com.zaxxer.hikari.pool.HikariPool - HikariPool-1 - Added connection org.postgresql.jdbc.PgConnection@5d800a56
2024-03-29 02:39:09.548 [main] INFO  com.zaxxer.hikari.HikariDataSource - HikariPool-1 - Start completed.
2024-03-29 02:39:10.272 [main] INFO  o.h.e.t.j.p.i.JtaPlatformInitiator - HHH000489: No JTA platform available (set 'hibernate.transaction.jta.platform' to enable JTA platform integration)
2024-03-29 02:39:10.369 [main] INFO  o.s.o.j.LocalContainerEntityManagerFactoryBean - Initialized JPA EntityManagerFactory for persistence unit 'default'
2024-03-29 02:39:10.634 [main] INFO  o.s.d.j.r.query.QueryEnhancerFactory - Hibernate is in classpath; If applicable, HQL parser will be used.
2024-03-29 02:39:12.172 [main] INFO  o.a.coyote.http11.Http11NioProtocol - Starting ProtocolHandler ["http-nio-8080"]
2024-03-29 02:39:12.196 [main] INFO  o.s.b.w.e.tomcat.TomcatWebServer - Tomcat started on port 8080 (http) with context path ''
2024-03-29 02:39:12.206 [main] INFO  a.tickets.AirlineTicketsApplication - Started AirlineTicketsApplication in 4.682 seconds (process running for 5.281)
2024-03-29 02:39:16.395 [http-nio-8080-exec-1] INFO  o.a.c.c.C.[Tomcat].[localhost].[/] - Initializing Spring DispatcherServlet 'dispatcherServlet'
2024-03-29 02:39:16.395 [http-nio-8080-exec-1] INFO  o.s.web.servlet.DispatcherServlet - Initializing Servlet 'dispatcherServlet'
2024-03-29 02:39:16.396 [http-nio-8080-exec-1] INFO  o.s.web.servlet.DispatcherServlet - Completed initialization in 0 ms
2024-03-29 02:39:17.024 [http-nio-8080-exec-4] INFO  o.s.api.AbstractOpenApiResource - Init duration for springdoc-openapi is: 368 ms
2024-03-29 02:40:12.189 [SpringApplicationShutdownHook] INFO  o.s.o.j.LocalContainerEntityManagerFactoryBean - Closing JPA EntityManagerFactory for persistence unit 'default'
2024-03-29 02:40:12.191 [SpringApplicationShutdownHook] INFO  com.zaxxer.hikari.HikariDataSource - HikariPool-1 - Shutdown initiated...
2024-03-29 02:40:12.195 [SpringApplicationShutdownHook] INFO  com.zaxxer.hikari.HikariDataSource - HikariPool-1 - Shutdown completed.
